<?xml version="1.0" encoding="UTF-8"?>
<!-- Generated by org.testng.reporters.JUnitReportReporter -->
<testsuite hostname="LAPTOP-22L1U9C2" failures="0" tests="2" name="testNgKeywords.NewTest1" time="0.095" errors="0" timestamp="2022-06-23T23:30:13 IST" skipped="0">
  <testcase classname="testNgKeywords.NewTest1" name="c" time="0.001"/>
  <system-out>
    <![CDATA[c method]]>
  </system-out>
  <testcase classname="testNgKeywords.NewTest1" name="b" time="0.094"/>
  <system-out>
    <![CDATA[b Method]]>
  </system-out>
</testsuite> <!-- testNgKeywords.NewTest1 -->
