<?xml version="1.0" encoding="UTF-8"?>
<!-- Generated by org.testng.reporters.JUnitReportReporter -->
<testsuite hostname="LAPTOP-22L1U9C2" failures="0" tests="1" name="testNgKeywords.NewTest1" time="0.005" errors="0" timestamp="2022-07-17T19:58:00 IST" skipped="0">
  <testcase classname="testNgKeywords.NewTest1" name="b" time="0.005"/>
  <system-out>
    <![CDATA[b Method]]>
  </system-out>
</testsuite> <!-- testNgKeywords.NewTest1 -->
