<?xml version="1.0" encoding="UTF-8"?>
<!-- Generated by org.testng.reporters.JUnitReportReporter -->
<testsuite hostname="LAPTOP-22L1U9C2" failures="0" tests="1" name="testNG.NewTest" time="40.133" errors="0" timestamp="2022-07-15T08:35:23 IST" skipped="0">
  <testcase classname="testNG.NewTest" name="Demo" time="40.133"/>
  <system-out>
    <![CDATA[Hi]]>
  </system-out>
</testsuite> <!-- testNG.NewTest -->
