<?xml version="1.0" encoding="UTF-8"?>
<!-- Generated by org.testng.reporters.JUnitReportReporter -->
<testsuite hostname="LAPTOP-22L1U9C2" failures="0" tests="4" name="testNgKeywords.InvocationCountStudy" time="0.026" errors="0" timestamp="2022-06-23T17:31:17 IST" skipped="0">
  <testcase classname="testNgKeywords.InvocationCountStudy" name="a" time="0.003"/>
  <system-out>
    <![CDATA[a method is running]]>
  </system-out>
  <testcase classname="testNgKeywords.InvocationCountStudy" name="a" time="0.002"/>
  <system-out>
    <![CDATA[a method is running]]>
  </system-out>
  <testcase classname="testNgKeywords.InvocationCountStudy" name="a" time="0.006"/>
  <system-out>
    <![CDATA[a method is running]]>
  </system-out>
  <testcase classname="testNgKeywords.InvocationCountStudy" name="a" time="0.015"/>
  <system-out>
    <![CDATA[a method is running]]>
  </system-out>
</testsuite> <!-- testNgKeywords.InvocationCountStudy -->
