<?xml version="1.0" encoding="UTF-8"?>
<!-- Generated by org.testng.reporters.JUnitReportReporter -->
<testsuite hostname="LAPTOP-22L1U9C2" failures="0" tests="3" name="testNgKeywords.TimeoutUse" time="0.380" errors="0" timestamp="2022-07-15T08:56:29 IST" skipped="0">
  <testcase classname="testNgKeywords.TimeoutUse" name="c" time="0.002"/>
  <system-out>
    <![CDATA[c method]]>
  </system-out>
  <testcase classname="testNgKeywords.TimeoutUse" name="a" time="0.375"/>
  <system-out>
    <![CDATA[a Method]]>
  </system-out>
  <testcase classname="testNgKeywords.TimeoutUse" name="b" time="0.003"/>
  <system-out>
    <![CDATA[b Method]]>
  </system-out>
</testsuite> <!-- testNgKeywords.TimeoutUse -->
