<?xml version="1.0" encoding="UTF-8"?>
<!-- Generated by org.testng.reporters.JUnitReportReporter -->
<testsuite hostname="LAPTOP-22L1U9C2" failures="0" tests="2" name="testNG.AnnotationSstudy" time="0.326" errors="0" timestamp="2022-06-23T17:20:43 IST" skipped="0">
  <testcase classname="testNG.AnnotationSstudy" name="ValidateUserName" time="0.225"/>
  <system-out>
    <![CDATA[UserName Validate]]>
  </system-out>
  <testcase classname="testNG.AnnotationSstudy" name="ValidateDashBoard" time="0.101"/>
  <system-out>
    <![CDATA[DashBoard Validate
DashBoard Validate]]>
  </system-out>
</testsuite> <!-- testNG.AnnotationSstudy -->
