<?xml version="1.0" encoding="UTF-8"?>
<!-- Generated by org.testng.reporters.JUnitReportReporter -->
<testsuite hostname="LAPTOP-22L1U9C2" failures="0" tests="1" name="testNgKeywords.NewTest3" time="0.015" errors="0" timestamp="2022-07-14T10:26:20 IST" skipped="0">
  <testcase classname="testNgKeywords.NewTest3" name="x" time="0.015"/>
  <system-out>
    <![CDATA[x Method]]>
  </system-out>
</testsuite> <!-- testNgKeywords.NewTest3 -->
