<?xml version="1.0" encoding="UTF-8"?>
<!-- Generated by org.testng.reporters.JUnitReportReporter -->
<testsuite hostname="LAPTOP-22L1U9C2" failures="0" tests="4" name="testNgKeywords.PriorityUse" time="0.022" errors="0" timestamp="2022-06-23T17:45:57 IST" skipped="0">
  <testcase classname="testNgKeywords.PriorityUse" name="a" time="0.011"/>
  <system-out>
    <![CDATA[a Method]]>
  </system-out>
  <testcase classname="testNgKeywords.PriorityUse" name="b" time="0.003"/>
  <system-out>
    <![CDATA[b Method]]>
  </system-out>
  <testcase classname="testNgKeywords.PriorityUse" name="c" time="0.007"/>
  <system-out>
    <![CDATA[c method]]>
  </system-out>
  <testcase classname="testNgKeywords.PriorityUse" name="d" time="0.001"/>
  <system-out>
    <![CDATA[d method]]>
  </system-out>
</testsuite> <!-- testNgKeywords.PriorityUse -->
