<?xml version="1.0" encoding="UTF-8"?>
<!-- Generated by org.testng.reporters.JUnitReportReporter -->
<testsuite hostname="LAPTOP-22L1U9C2" failures="0" tests="1" name="testng1.NewTest" time="101.305" errors="0" timestamp="2022-06-22T11:00:47 IST" skipped="0">
  <testcase classname="testng1.NewTest" name="Demo" time="101.305"/>
  <system-out>
    <![CDATA[Hi]]>
  </system-out>
</testsuite> <!-- testng1.NewTest -->
