<?xml version="1.0" encoding="UTF-8"?>
<!-- Generated by org.testng.reporters.JUnitReportReporter -->
<testsuite hostname="LAPTOP-22L1U9C2" failures="0" tests="1" name="serialAndParallelExecution.TestClass2" time="14.531" errors="0" timestamp="2022-07-17T19:36:27 IST" skipped="0">
  <testcase classname="serialAndParallelExecution.TestClass2" name="MyClass2" time="14.531"/>
  <system-out>
    <![CDATA[MyMethod is running]]>
  </system-out>
</testsuite> <!-- serialAndParallelExecution.TestClass2 -->
