<?xml version="1.0" encoding="UTF-8"?>
<!-- Generated by org.testng.reporters.JUnitReportReporter -->
<testsuite hostname="LAPTOP-22L1U9C2" failures="0" tests="2" name="testNG.AnnotationSstudy" time="0.016" errors="0" timestamp="2022-07-17T19:37:55 IST" skipped="0">
  <testcase classname="testNG.AnnotationSstudy" name="ValidateUserName" time="0.009"/>
  <system-out>
    <![CDATA[UserName Validate]]>
  </system-out>
  <testcase classname="testNG.AnnotationSstudy" name="ValidateDashBoard" time="0.007"/>
  <system-out>
    <![CDATA[DashBoard Validate
DashBoard Validate]]>
  </system-out>
</testsuite> <!-- testNG.AnnotationSstudy -->
