<?xml version="1.0" encoding="UTF-8"?>
<!-- Generated by org.testng.reporters.JUnitReportReporter -->
<testsuite hostname="LAPTOP-22L1U9C2" failures="0" tests="1" name="crossBrowserTesting.FireFox" time="123.990" errors="0" timestamp="2022-07-18T15:35:42 IST" skipped="0">
  <testcase classname="crossBrowserTesting.FireFox" name="ff" time="123.990"/>
  <system-out/>
</testsuite> <!-- crossBrowserTesting.FireFox -->
