<?xml version="1.0" encoding="UTF-8"?>
<!-- Generated by org.testng.reporters.JUnitReportReporter -->
<testsuite hostname="LAPTOP-22L1U9C2" failures="0" tests="1" name="testNgKeywords.NewTest2" time="0.012" errors="0" timestamp="2022-07-17T19:58:45 IST" skipped="0">
  <testcase classname="testNgKeywords.NewTest2" name="y" time="0.012"/>
  <system-out>
    <![CDATA[y Method]]>
  </system-out>
</testsuite> <!-- testNgKeywords.NewTest2 -->
