<?xml version="1.0" encoding="UTF-8"?>
<!-- Generated by org.testng.reporters.JUnitReportReporter -->
<testsuite hostname="LAPTOP-22L1U9C2" failures="0" tests="2" name="testNgKeywords.EnableUse" time="0.015" errors="0" timestamp="2022-07-15T08:55:59 IST" skipped="1">
  <testcase classname="testNgKeywords.EnableUse" name="a" time="0.015"/>
  <system-out>
    <![CDATA[a Method]]>
  </system-out>
  <testcase classname="testNgKeywords.EnableUse" name="b">
    <skipped/>
  </testcase> <!-- b -->
  <system-out/>
</testsuite> <!-- testNgKeywords.EnableUse -->
