<?xml version="1.0" encoding="UTF-8"?>
<!-- Generated by org.testng.reporters.JUnitReportReporter -->
<testsuite hostname="LAPTOP-22L1U9C2" failures="0" tests="4" name="testNgKeywords.DependsOnMethodUse" time="0.023" errors="0" timestamp="2022-07-16T22:59:13 IST" skipped="0">
  <testcase classname="testNgKeywords.DependsOnMethodUse" name="c" time="0.008"/>
  <system-out>
    <![CDATA[c method]]>
  </system-out>
  <testcase classname="testNgKeywords.DependsOnMethodUse" name="b" time="0.001"/>
  <system-out>
    <![CDATA[b Method]]>
  </system-out>
  <testcase classname="testNgKeywords.DependsOnMethodUse" name="z" time="0.002"/>
  <system-out>
    <![CDATA[d method]]>
  </system-out>
  <testcase classname="testNgKeywords.DependsOnMethodUse" name="a" time="0.012"/>
  <system-out>
    <![CDATA[a Method]]>
  </system-out>
</testsuite> <!-- testNgKeywords.DependsOnMethodUse -->
